[ERROR]  2024/06/03 14:13:46 checkErr.go:17: pq: column "name" of relation "medications" does not exist
[ERROR]  2024/06/03 14:26:49 checkErr.go:17: pq: syntax error at or near "id"
[ERROR]  2024/06/03 14:28:01 checkErr.go:17: pq: syntax error at or near "id"
[ERROR]  2024/06/03 15:13:47 checkErr.go:17: pq: duplicate key value violates unique constraint "medications_pkey"
[ERROR]  2024/06/03 15:16:46 checkErr.go:17: error scanning row: sql: Scan error on column index 2, name "medications": unsupported Scan, storing driver.Value type []uint8 into type *[]models.Medications
[ERROR]  2024/06/03 15:28:44 checkErr.go:17: error scanning row: sql: Scan error on column index 2, name "medications": unsupported Scan, storing driver.Value type []uint8 into type *[]models.Medications
[ERROR]  2024/06/04 11:15:28 checkErr.go:17: pq: relation "feeding_schedules" does not exist
[ERROR]  2024/06/04 11:19:29 checkErr.go:17: pq: syntax error at end of input
[ERROR]  2024/06/04 11:21:29 checkErr.go:17: pq: relation "feeding_schedules" does not exist
[ERROR]  2024/06/04 11:21:49 checkErr.go:17: pq: relation "schedule" does not exist
[ERROR]  2024/06/04 11:22:12 checkErr.go:17: next schedule is at 13:00. You can start feeding animals from 12:00
[ERROR]  2024/06/04 11:39:21 checkErr.go:17: pq: relation "feeding_schedules" does not exist
[ERROR]  2024/06/04 11:45:41 checkErr.go:17: animals are already fed
[ERROR]  2024/06/04 11:49:09 checkErr.go:17: next schedule is at 14:00. You can start feeding animals from 13:00
[ERROR]  2024/06/04 17:38:26 checkErr.go:17: next schedule is at 19:00. You can start feeding animals from 18:00
[ERROR]  2024/06/04 17:41:27 checkErr.go:17: next schedule is at 00:00. You can start feeding animals from 23:00
[ERROR]  2024/06/04 17:48:28 checkErr.go:17: pq: relation "provisions" does not exist
[ERROR]  2024/06/04 17:49:07 checkErr.go:17: you cannot feed this provision to that animal
[ERROR]  2024/06/04 17:49:55 checkErr.go:17: you cannot feed this provision to that animal
[ERROR]  2024/06/04 17:57:13 checkErr.go:17: pq: column "animal_type" does not exist
[ERROR]  2024/06/04 18:14:23 checkErr.go:17: pq: column "animal_type" does not exist
[ERROR]  2024/06/04 18:19:59 checkErr.go:17: sql: expected 1 destination arguments in Scan, not 2
[ERROR]  2024/06/04 18:20:18 checkErr.go:17: pq: column "animal_type" does not exist
[ERROR]  2024/06/04 18:21:12 checkErr.go:17: pq: column "animal_type" does not exist
[ERROR]  2024/06/04 18:28:02 checkErr.go:17: animals are already fed
[ERROR]  2024/06/04 18:39:23 checkErr.go:17: animals are already fed
[ERROR]  2024/06/04 21:53:49 checkErr.go:17: next schedule is at 00:00. You can start feeding animals from 23:00
[ERROR]  2024/06/04 21:55:08 checkErr.go:17: next schedule is at 00:00. You can start feeding animals from 23:00
[ERROR]  2024/06/04 23:52:48 checkErr.go:17: next schedule is at 07:00. You can start feeding animals from 06:00
[ERROR]  2024/06/05 00:16:58 checkErr.go:17: next schedule is at 07:00. You can start feeding animals from 06:00
[ERROR]  2024/06/05 13:33:42 checkErr.go:17: animals are already fed
[ERROR]  2024/06/05 14:55:21 checkErr.go:17: animals are already fed
[INFO]  2024/06/05 16:17:08 main.go:91: Server started on port: 8080
[ERROR]  2024/06/05 16:17:08 checkErr.go:17: listen tcp: address 8080: missing port in address
[INFO]  2024/06/05 16:17:58 main.go:86: Server started on port: 8080
[ERROR]  2024/06/05 16:17:58 checkErr.go:17: listen tcp: address 8080: missing port in address
[INFO]  2024/06/05 16:18:32 main.go:86: Server started on port: :8080
[ERROR]  2024/06/05 16:19:43 feeding.go:11: Could not bind JSON: feeding schedule not found for the given animal
[INFO]  2024/06/05 16:52:52 main.go:86: Server started on port: :8080
[ERROR]  2024/06/05 16:53:13 feeding.go:11: Could not bind JSON: animals are already fed
[INFO]  2024/06/05 17:18:17 main.go:86: Server started on port: :8080
[ERROR]  2024/06/05 17:26:24 schedule.go:14: Could not bind JSON: parsing time "07:00:00" as "2006-01-02T15:04:05Z07:00": cannot parse "07:00:00" as "2006"
[ERROR]  2024/06/05 17:32:31 schedule.go:14: Could not bind JSON: parsing time "07:00:00" as "2006-01-02T15:04:05Z07:00": cannot parse "07:00:00" as "2006"
[ERROR]  2024/06/05 17:32:34 schedule.go:14: Could not bind JSON: parsing time "07:00:00" as "2006-01-02T15:04:05Z07:00": cannot parse "07:00:00" as "2006"
[INFO]  2024/06/05 18:02:03 main.go:86: Server started on port: :8080
[ERROR]  2024/06/05 18:02:08 schedule.go:31: Could not bind JSON: pq: relation "shcedules" does not exist
[INFO]  2024/06/05 18:03:03 main.go:86: Server started on port: :8080
[INFO]  2024/06/05 18:05:30 main.go:86: Server started on port: :8080
[ERROR]  2024/06/05 18:18:09 feeding.go:11: Could not bind JSON: feeding schedule not found for the given animal
[ERROR]  2024/06/05 18:19:03 feeding.go:11: Could not bind JSON: animals are already fed
[ERROR]  2024/06/05 18:28:09 feeding_schedule.go:14: Could not bind JSON: json: cannot unmarshal string into Go struct field FeedingSchedule.ID of type int
[ERROR]  2024/06/05 18:28:43 feeding_schedule.go:14: Could not bind JSON: json: cannot unmarshal string into Go struct field FeedingSchedule.ID of type int
[ERROR]  2024/06/05 18:29:17 feeding_schedule.go:14: Could not bind JSON: invalid character ',' looking for beginning of value
[ERROR]  2024/06/05 18:29:24 feeding_schedule.go:20: Could not bind JSON: pq: invalid input value for enum feeding_index: "0"
[INFO]  2024/06/05 18:44:22 main.go:86: Server started on port: :8080
[ERROR]  2024/06/05 18:45:21 feeding_schedule.go:28: Could not bind JSON: pq: invalid input value for enum feeding_index: "0"
[INFO]  2024/06/05 18:45:29 main.go:86: Server started on port: :8080
[ERROR]  2024/06/05 18:45:31 feeding_schedule.go:28: Could not bind JSON: pq: invalid input value for enum feeding_index: "0"
[ERROR]  2024/06/05 18:46:00 feeding_schedule.go:28: Could not bind JSON: pq: invalid input value for enum feeding_index: "0"
[ERROR]  2024/06/05 18:46:02 feeding_schedule.go:28: Could not bind JSON: pq: invalid input value for enum feeding_index: "0"
[INFO]  2024/06/05 18:57:30 main.go:86: Server started on port: :8080
[ERROR]  2024/06/05 18:57:34 feeding_schedule.go:20: Could not bind JSON: pq: invalid input value for enum feeding_index: "0"
[ERROR]  2024/06/05 18:57:37 feeding_schedule.go:20: Could not bind JSON: pq: invalid input value for enum feeding_index: "0"
[ERROR]  2024/06/05 18:58:04 feeding_schedule.go:20: Could not bind JSON: pq: invalid input value for enum feeding_index: "0"
[ERROR]  2024/06/05 18:58:05 feeding_schedule.go:20: Could not bind JSON: pq: invalid input value for enum feeding_index: "0"
[INFO]  2024/06/05 19:00:46 main.go:86: Server started on port: :8080
[ERROR]  2024/06/05 19:00:50 feeding_schedule.go:20: Could not bind JSON: pq: invalid input value for enum feeding_index: "0"
[ERROR]  2024/06/05 19:00:52 feeding_schedule.go:20: Could not bind JSON: pq: invalid input value for enum feeding_index: "0"
[INFO]  2024/06/05 19:01:22 main.go:86: Server started on port: :8080
[ERROR]  2024/06/05 19:01:25 feeding_schedule.go:20: Could not bind JSON: pq: invalid input value for enum feeding_index: "0"
[ERROR]  2024/06/05 19:07:46 feeding_schedule.go:20: Could not bind JSON: pq: invalid input value for enum feeding_index: "0"
[INFO]  2024/06/05 19:12:12 main.go:86: Server started on port: :8080
[ERROR]  2024/06/05 19:12:15 feeding_schedule.go:20: Could not bind JSON: pq: invalid input value for enum feeding_index: "0"
[ERROR]  2024/06/05 19:12:16 feeding_schedule.go:20: Could not bind JSON: pq: invalid input value for enum feeding_index: "0"
[ERROR]  2024/06/05 19:12:17 feeding_schedule.go:20: Could not bind JSON: pq: invalid input value for enum feeding_index: "0"
[ERROR]  2024/06/05 19:12:19 feeding_schedule.go:20: Could not bind JSON: pq: invalid input value for enum feeding_index: "0"
